{
  "RSpec": {
    "coverage": {
      "/Users/davidlawes/Projects/public_api_querier/spec/features/app_spec.rb": [
        1,
        null,
        1,
        1,
        1,
        null,
        null,
        null
      ],
      "/Users/davidlawes/Projects/public_api_querier/spec/question_spec.rb": [
        1,
        null,
        1,
        null,
        1,
        1,
        null,
        4,
        2,
        null,
        1,
        1,
        1,
        null,
        1,
        null,
        null,
        1,
        1,
        null,
        1,
        null,
        null,
        null,
        1,
        1,
        1,
        null,
        null,
        null,
        null
      ],
      "/Users/davidlawes/Projects/public_api_querier/lib/question.rb": [
        1,
        null,
        1,
        3,
        3,
        null,
        null,
        null
      ]
    },
    "timestamp": 1541859331
  }
}
