{
  "RSpec": {
    "coverage": {
      "/Users/davidlawes/Projects/public_api_querier/spec/features/app_spec.rb": [
        1,
        null,
        1,
        1,
        1,
        null,
        null,
        null
      ],
      "/Users/davidlawes/Projects/public_api_querier/spec/query_api_spec.rb": [
        1,
        null,
        1,
        null,
        1,
        2,
        2,
        null,
        1,
        null,
        1,
        null,
        1,
        1,
        null,
        1,
        null,
        null,
        null,
        null
      ],
      "/Users/davidlawes/Projects/public_api_querier/lib/query_api.rb": [
        1,
        null,
        1,
        null,
        1,
        1,
        null,
        null,
        1,
        1,
        1,
        null,
        null,
        null
      ],
      "/Users/davidlawes/Projects/public_api_querier/spec/question_spec.rb": [
        1,
        null,
        1,
        null,
        1,
        1,
        null,
        4,
        2,
        null,
        1,
        1,
        1,
        null,
        1,
        null,
        null,
        1,
        1,
        null,
        1,
        null,
        null,
        null,
        1,
        1,
        1,
        null,
        null,
        null,
        null
      ],
      "/Users/davidlawes/Projects/public_api_querier/lib/question.rb": [
        1,
        null,
        1,
        null,
        1,
        3,
        3,
        null,
        null,
        1,
        101,
        1,
        100,
        null,
        96,
        1,
        null,
        null,
        null
      ]
    },
    "timestamp": 1541860693
  }
}
